<?xml version="1.0" encoding="utf-8"?><testsuites><testsuite name="pytest" errors="0" failures="0" skipped="0" tests="31" time="9.470" timestamp="2023-08-17T23:27:36.901251" hostname="DESKTOP-RE1L628"><testcase classname="app.test.controllers.test_beverage" name="test_create_beverage" time="0.435" /><testcase classname="app.test.controllers.test_beverage" name="test_update_beverage" time="0.140" /><testcase classname="app.test.controllers.test_beverage" name="test_get_by_id_beverage" time="0.298" /><testcase classname="app.test.controllers.test_beverage" name="test_get_all_beverages" time="0.431" /><testcase classname="app.test.controllers.test_ingredient" name="test_create" time="0.363" /><testcase classname="app.test.controllers.test_ingredient" name="test_update" time="0.312" /><testcase classname="app.test.controllers.test_ingredient" name="test_get_by_id" time="0.120" /><testcase classname="app.test.controllers.test_ingredient" name="test_get_all" time="0.265" /><testcase classname="app.test.controllers.test_order" name="test_create" time="0.389" /><testcase classname="app.test.controllers.test_order" name="test_calculate_order_price" time="0.279" /><testcase classname="app.test.controllers.test_order" name="test_get_by_id" time="0.341" /><testcase classname="app.test.controllers.test_order" name="test_get_all" time="0.722" /><testcase classname="app.test.controllers.test_size" name="test_create" time="0.166" /><testcase classname="app.test.controllers.test_size" name="test_update" time="0.138" /><testcase classname="app.test.controllers.test_size" name="test_get_by_id" time="0.139" /><testcase classname="app.test.controllers.test_size" name="test_get_all" time="0.287" /><testcase classname="app.test.services.test_beverage" name="test_create_beverage_service" time="0.152" /><testcase classname="app.test.services.test_beverage" name="test_update_beverage_service" time="0.149" /><testcase classname="app.test.services.test_beverage" name="test_get_beverage_by_id_service" time="0.130" /><testcase classname="app.test.services.test_beverage" name="test_get_sizes_service" time="0.327" /><testcase classname="app.test.services.test_ingredient" name="test_create_ingredient_service" time="0.145" /><testcase classname="app.test.services.test_ingredient" name="test_update_ingredient_service" time="0.150" /><testcase classname="app.test.services.test_ingredient" name="test_get_ingredient_by_id_service" time="0.136" /><testcase classname="app.test.services.test_ingredient" name="test_get_ingredients_service" time="0.309" /><testcase classname="app.test.services.test_order" name="test_create_order_service" time="0.479" /><testcase classname="app.test.services.test_order" name="test_get_order_by_id_service" time="0.540" /><testcase classname="app.test.services.test_order" name="test_get_orders_service" time="1.016" /><testcase classname="app.test.services.test_size" name="test_create_size_service" time="0.157" /><testcase classname="app.test.services.test_size" name="test_update_size_service" time="0.136" /><testcase classname="app.test.services.test_size" name="test_get_size_by_id_service" time="0.134" /><testcase classname="app.test.services.test_size" name="test_get_sizes_service" time="0.298" /></testsuite></testsuites>